<?xml version="1.0" encoding="UTF-8"?>
<!-- Generated by org.testng.reporters.JUnitReportReporter -->
<testsuite hostname="DESKTOP-9PA8N0S" failures="0" tests="3" name="Runner_files.Landing_positive_scenario_runner" time="81.155" errors="0" timestamp="2021-04-26T14:22:47 IST" skipped="0">
  <testcase classname="Runner_files.Landing_positive_scenario_runner" name="runScenario" time="43.279"/>
  <system-out/>
  <testcase classname="Runner_files.Landing_positive_scenario_runner" name="runScenario" time="25.605"/>
  <system-out/>
  <testcase classname="Runner_files.Landing_positive_scenario_runner" name="runScenario" time="12.271"/>
  <system-out/>
</testsuite> <!-- Runner_files.Landing_positive_scenario_runner -->
